# JRE version: OpenJDK Runtime Environment (8.0_202-b03) (build 1.8.0_202-release-1483-b03)
# Java VM: OpenJDK 64-Bit Server VM (25.202-b03 mixed mode windows-amd64 compressed oops)
Heap:
 PSYoungGen      total 145408K, used 126163K [0x00000000e0000000, 0x00000000ea680000, 0x0000000100000000)
  eden space 126976K, 84% used [0x00000000e0000000,0x00000000e6938a00,0x00000000e7c00000)
  from space 18432K, 99% used [0x00000000e9080000,0x00000000ea27c558,0x00000000ea280000)
  to   space 20992K, 0% used [0x00000000e7c00000,0x00000000e7c00000,0x00000000e9080000)
 ParOldGen       total 188416K, used 35552K [0x00000000a0000000, 0x00000000ab800000, 0x00000000e0000000)
  object space 188416K, 18% used [0x00000000a0000000,0x00000000a22b82b8,0x00000000ab800000)
 Metaspace       used 65776K, capacity 67940K, committed 67968K, reserved 1107968K
  class space    used 8827K, capacity 9336K, committed 9344K, reserved 1048576K
GC Heap History (10 events):
Event: 29.507 GC heap before
{Heap before GC invocations=11 (full 2):
 PSYoungGen      total 100352K, used 98571K [0x00000000e0000000, 0x00000000e7400000, 0x0000000100000000)
  eden space 87552K, 100% used [0x00000000e0000000,0x00000000e5580000,0x00000000e5580000)
  from space 12800K, 86% used [0x00000000e6280000,0x00000000e6d42c00,0x00000000e6f00000)
  to   space 13312K, 0% used [0x00000000e5580000,0x00000000e5580000,0x00000000e6280000)
 ParOldGen       total 123392K, used 17686K [0x00000000a0000000, 0x00000000a7880000, 0x00000000e0000000)
  object space 123392K, 14% used [0x00000000a0000000,0x00000000a1145b78,0x00000000a7880000)
 Metaspace       used 52071K, capacity 53522K, committed 53632K, reserved 1095680K
  class space    used 7061K, capacity 7465K, committed 7552K, reserved 1048576K
Event: 29.520 GC heap after
Heap after GC invocations=11 (full 2):
 PSYoungGen      total 100864K, used 13307K [0x00000000e0000000, 0x00000000e9000000, 0x0000000100000000)
  eden space 87552K, 0% used [0x00000000e0000000,0x00000000e0000000,0x00000000e5580000)
  from space 13312K, 99% used [0x00000000e5580000,0x00000000e627ecd8,0x00000000e6280000)
  to   space 16384K, 0% used [0x00000000e8000000,0x00000000e8000000,0x00000000e9000000)
 ParOldGen       total 123392K, used 22378K [0x00000000a0000000, 0x00000000a7880000, 0x00000000e0000000)
  object space 123392K, 18% used [0x00000000a0000000,0x00000000a15daac0,0x00000000a7880000)
 Metaspace       used 52071K, capacity 53522K, committed 53632K, reserved 1095680K
  class space    used 7061K, capacity 7465K, committed 7552K, reserved 1048576K
}
Event: 31.521 GC heap before
{Heap before GC invocations=12 (full 2):
 PSYoungGen      total 100864K, used 89592K [0x00000000e0000000, 0x00000000e9000000, 0x0000000100000000)
  eden space 87552K, 87% used [0x00000000e0000000,0x00000000e4a7f468,0x00000000e5580000)
  from space 13312K, 99% used [0x00000000e5580000,0x00000000e627ecd8,0x00000000e6280000)
  to   space 16384K, 0% used [0x00000000e8000000,0x00000000e8000000,0x00000000e9000000)
 ParOldGen       total 123392K, used 22378K [0x00000000a0000000, 0x00000000a7880000, 0x00000000e0000000)
  object space 123392K, 18% used [0x00000000a0000000,0x00000000a15daac0,0x00000000a7880000)
 Metaspace       used 57339K, capacity 58948K, committed 59096K, reserved 1099776K
  class space    used 7776K, capacity 8208K, committed 8320K, reserved 1048576K
Event: 31.537 GC heap after
Heap after GC invocations=12 (full 2):
 PSYoungGen      total 128000K, used 16373K [0x00000000e0000000, 0x00000000e9600000, 0x0000000100000000)
  eden space 111616K, 0% used [0x00000000e0000000,0x00000000e0000000,0x00000000e6d00000)
  from space 16384K, 99% used [0x00000000e8000000,0x00000000e8ffd7b0,0x00000000e9000000)
  to   space 19456K, 0% used [0x00000000e6d00000,0x00000000e6d00000,0x00000000e8000000)
 ParOldGen       total 123392K, used 25906K [0x00000000a0000000, 0x00000000a7880000, 0x00000000e0000000)
  object space 123392K, 20% used [0x00000000a0000000,0x00000000a194ca10,0x00000000a7880000)
 Metaspace       used 57339K, capacity 58948K, committed 59096K, reserved 1099776K
  class space    used 7776K, capacity 8208K, committed 8320K, reserved 1048576K
}
Event: 31.537 GC heap before
{Heap before GC invocations=13 (full 3):
 PSYoungGen      total 128000K, used 16373K [0x00000000e0000000, 0x00000000e9600000, 0x0000000100000000)
  eden space 111616K, 0% used [0x00000000e0000000,0x00000000e0000000,0x00000000e6d00000)
  from space 16384K, 99% used [0x00000000e8000000,0x00000000e8ffd7b0,0x00000000e9000000)
  to   space 19456K, 0% used [0x00000000e6d00000,0x00000000e6d00000,0x00000000e8000000)
 ParOldGen       total 123392K, used 25906K [0x00000000a0000000, 0x00000000a7880000, 0x00000000e0000000)
  object space 123392K, 20% used [0x00000000a0000000,0x00000000a194ca10,0x00000000a7880000)
 Metaspace       used 57339K, capacity 58948K, committed 59096K, reserved 1099776K
  class space    used 7776K, capacity 8208K, committed 8320K, reserved 1048576K
Event: 31.787 GC heap after
Heap after GC invocations=13 (full 3):
 PSYoungGen      total 128000K, used 0K [0x00000000e0000000, 0x00000000e9600000, 0x0000000100000000)
  eden space 111616K, 0% used [0x00000000e0000000,0x00000000e0000000,0x00000000e6d00000)
  from space 16384K, 0% used [0x00000000e8000000,0x00000000e8000000,0x00000000e9000000)
  to   space 19456K, 0% used [0x00000000e6d00000,0x00000000e6d00000,0x00000000e8000000)
 ParOldGen       total 188416K, used 34748K [0x00000000a0000000, 0x00000000ab800000, 0x00000000e0000000)
  object space 188416K, 18% used [0x00000000a0000000,0x00000000a21ef0c0,0x00000000ab800000)
 Metaspace       used 57339K, capacity 58948K, committed 59096K, reserved 1099776K
  class space    used 7776K, capacity 8208K, committed 8320K, reserved 1048576K
}
Event: 33.257 GC heap before
{Heap before GC invocations=14 (full 3):
 PSYoungGen      total 128000K, used 111616K [0x00000000e0000000, 0x00000000e9600000, 0x0000000100000000)
  eden space 111616K, 100% used [0x00000000e0000000,0x00000000e6d00000,0x00000000e6d00000)
  from space 16384K, 0% used [0x00000000e8000000,0x00000000e8000000,0x00000000e9000000)
  to   space 19456K, 0% used [0x00000000e6d00000,0x00000000e6d00000,0x00000000e8000000)
 ParOldGen       total 188416K, used 34748K [0x00000000a0000000, 0x00000000ab800000, 0x00000000e0000000)
  object space 188416K, 18% used [0x00000000a0000000,0x00000000a21ef0c0,0x00000000ab800000)
 Metaspace       used 60043K, capacity 62022K, committed 62208K, reserved 1103872K
  class space    used 8137K, capacity 8601K, committed 8704K, reserved 1048576K
Event: 33.266 GC heap after
Heap after GC invocations=14 (full 3):
 PSYoungGen      total 131072K, used 10841K [0x00000000e0000000, 0x00000000ea280000, 0x0000000100000000)
  eden space 111616K, 0% used [0x00000000e0000000,0x00000000e0000000,0x00000000e6d00000)
  from space 19456K, 55% used [0x00000000e6d00000,0x00000000e77965c0,0x00000000e8000000)
  to   space 18432K, 0% used [0x00000000e9080000,0x00000000e9080000,0x00000000ea280000)
 ParOldGen       total 188416K, used 34756K [0x00000000a0000000, 0x00000000ab800000, 0x00000000e0000000)
  object space 188416K, 18% used [0x00000000a0000000,0x00000000a21f10c0,0x00000000ab800000)
 Metaspace       used 60043K, capacity 62022K, committed 62208K, reserved 1103872K
  class space    used 8137K, capacity 8601K, committed 8704K, reserved 1048576K
}
Event: 36.447 GC heap before
{Heap before GC invocations=15 (full 3):
 PSYoungGen      total 131072K, used 122457K [0x00000000e0000000, 0x00000000ea280000, 0x0000000100000000)
  eden space 111616K, 100% used [0x00000000e0000000,0x00000000e6d00000,0x00000000e6d00000)
  from space 19456K, 55% used [0x00000000e6d00000,0x00000000e77965c0,0x00000000e8000000)
  to   space 18432K, 0% used [0x00000000e9080000,0x00000000e9080000,0x00000000ea280000)
 ParOldGen       total 188416K, used 34756K [0x00000000a0000000, 0x00000000ab800000, 0x00000000e0000000)
  object space 188416K, 18% used [0x00000000a0000000,0x00000000a21f10c0,0x00000000ab800000)
 Metaspace       used 61268K, capacity 63408K, committed 63616K, reserved 1103872K
  class space    used 8302K, capacity 8784K, committed 8832K, reserved 1048576K
Event: 36.462 GC heap after
Heap after GC invocations=15 (full 3):
 PSYoungGen      total 145408K, used 18417K [0x00000000e0000000, 0x00000000ea680000, 0x0000000100000000)
  eden space 126976K, 0% used [0x00000000e0000000,0x00000000e0000000,0x00000000e7c00000)
  from space 18432K, 99% used [0x00000000e9080000,0x00000000ea27c558,0x00000000ea280000)
  to   space 20992K, 0% used [0x00000000e7c00000,0x00000000e7c00000,0x00000000e9080000)
 ParOldGen       total 188416K, used 35552K [0x00000000a0000000, 0x00000000ab800000, 0x00000000e0000000)
  object space 188416K, 18% used [0x00000000a0000000,0x00000000a22b82b8,0x00000000ab800000)
 Metaspace       used 61268K, capacity 63408K, committed 63616K, reserved 1103872K
  class space    used 8302K, capacity 8784K, committed 8832K, reserved 1048576K
}

