# JRE version: OpenJDK Runtime Environment (8.0_202-b03) (build 1.8.0_202-release-1483-b03)
# Java VM: OpenJDK 64-Bit Server VM (25.202-b03 mixed mode windows-amd64 compressed oops)
Heap:
 PSYoungGen      total 223232K, used 168908K [0x00000000e0000000, 0x00000000f1a00000, 0x0000000100000000)
  eden space 183808K, 88% used [0x00000000e0000000,0x00000000e9dffa80,0x00000000eb380000)
  from space 39424K, 18% used [0x00000000eb380000,0x00000000eba738a0,0x00000000eda00000)
  to   space 38912K, 0% used [0x00000000ef400000,0x00000000ef400000,0x00000000f1a00000)
 ParOldGen       total 396800K, used 66912K [0x00000000a0000000, 0x00000000b8380000, 0x00000000e0000000)
  object space 396800K, 16% used [0x00000000a0000000,0x00000000a41581b8,0x00000000b8380000)
 Metaspace       used 94899K, capacity 98888K, committed 99544K, reserved 1136640K
  class space    used 12267K, capacity 13116K, committed 13312K, reserved 1048576K
GC Heap History (10 events):
Event: 661.003 GC heap before
{Heap before GC invocations=19 (full 3):
 PSYoungGen      total 178688K, used 178676K [0x00000000e0000000, 0x00000000ee400000, 0x0000000100000000)
  eden space 150016K, 100% used [0x00000000e0000000,0x00000000e9280000,0x00000000e9280000)
  from space 28672K, 99% used [0x00000000e9280000,0x00000000eae7d010,0x00000000eae80000)
  to   space 35328K, 0% used [0x00000000ec180000,0x00000000ec180000,0x00000000ee400000)
 ParOldGen       total 280064K, used 44854K [0x00000000a0000000, 0x00000000b1180000, 0x00000000e0000000)
  object space 280064K, 16% used [0x00000000a0000000,0x00000000a2bcd990,0x00000000b1180000)
 Metaspace       used 92611K, capacity 96958K, committed 96984K, reserved 1132544K
  class space    used 12161K, capacity 13043K, committed 13056K, reserved 1048576K
Event: 661.031 GC heap after
Heap after GC invocations=19 (full 3):
 PSYoungGen      total 195072K, used 30828K [0x00000000e0000000, 0x00000000ef380000, 0x0000000100000000)
  eden space 159744K, 0% used [0x00000000e0000000,0x00000000e0000000,0x00000000e9c00000)
  from space 35328K, 87% used [0x00000000ec180000,0x00000000edf9b220,0x00000000ee400000)
  to   space 38400K, 0% used [0x00000000e9c00000,0x00000000e9c00000,0x00000000ec180000)
 ParOldGen       total 280064K, used 52878K [0x00000000a0000000, 0x00000000b1180000, 0x00000000e0000000)
  object space 280064K, 18% used [0x00000000a0000000,0x00000000a33a3b50,0x00000000b1180000)
 Metaspace       used 92611K, capacity 96958K, committed 96984K, reserved 1132544K
  class space    used 12161K, capacity 13043K, committed 13056K, reserved 1048576K
}
Event: 661.816 GC heap before
{Heap before GC invocations=20 (full 3):
 PSYoungGen      total 195072K, used 98273K [0x00000000e0000000, 0x00000000ef380000, 0x0000000100000000)
  eden space 159744K, 42% used [0x00000000e0000000,0x00000000e41dd4e8,0x00000000e9c00000)
  from space 35328K, 87% used [0x00000000ec180000,0x00000000edf9b220,0x00000000ee400000)
  to   space 38400K, 0% used [0x00000000e9c00000,0x00000000e9c00000,0x00000000ec180000)
 ParOldGen       total 280064K, used 52878K [0x00000000a0000000, 0x00000000b1180000, 0x00000000e0000000)
  object space 280064K, 18% used [0x00000000a0000000,0x00000000a33a3b50,0x00000000b1180000)
 Metaspace       used 93769K, capacity 98216K, committed 98380K, reserved 1134592K
  class space    used 12259K, capacity 13206K, committed 13312K, reserved 1048576K
Event: 661.861 GC heap after
Heap after GC invocations=20 (full 3):
 PSYoungGen      total 198144K, used 25446K [0x00000000e0000000, 0x00000000f0000000, 0x0000000100000000)
  eden space 159744K, 0% used [0x00000000e0000000,0x00000000e0000000,0x00000000e9c00000)
  from space 38400K, 66% used [0x00000000e9c00000,0x00000000eb4d9a30,0x00000000ec180000)
  to   space 38912K, 0% used [0x00000000eda00000,0x00000000eda00000,0x00000000f0000000)
 ParOldGen       total 280064K, used 52886K [0x00000000a0000000, 0x00000000b1180000, 0x00000000e0000000)
  object space 280064K, 18% used [0x00000000a0000000,0x00000000a33a5b50,0x00000000b1180000)
 Metaspace       used 93769K, capacity 98216K, committed 98380K, reserved 1134592K
  class space    used 12259K, capacity 13206K, committed 13312K, reserved 1048576K
}
Event: 661.861 GC heap before
{Heap before GC invocations=21 (full 4):
 PSYoungGen      total 198144K, used 25446K [0x00000000e0000000, 0x00000000f0000000, 0x0000000100000000)
  eden space 159744K, 0% used [0x00000000e0000000,0x00000000e0000000,0x00000000e9c00000)
  from space 38400K, 66% used [0x00000000e9c00000,0x00000000eb4d9a30,0x00000000ec180000)
  to   space 38912K, 0% used [0x00000000eda00000,0x00000000eda00000,0x00000000f0000000)
 ParOldGen       total 280064K, used 52886K [0x00000000a0000000, 0x00000000b1180000, 0x00000000e0000000)
  object space 280064K, 18% used [0x00000000a0000000,0x00000000a33a5b50,0x00000000b1180000)
 Metaspace       used 93769K, capacity 98216K, committed 98380K, reserved 1134592K
  class space    used 12259K, capacity 13206K, committed 13312K, reserved 1048576K
Event: 662.130 GC heap after
Heap after GC invocations=21 (full 4):
 PSYoungGen      total 198144K, used 0K [0x00000000e0000000, 0x00000000f0000000, 0x0000000100000000)
  eden space 159744K, 0% used [0x00000000e0000000,0x00000000e0000000,0x00000000e9c00000)
  from space 38400K, 0% used [0x00000000e9c00000,0x00000000e9c00000,0x00000000ec180000)
  to   space 38912K, 0% used [0x00000000eda00000,0x00000000eda00000,0x00000000f0000000)
 ParOldGen       total 396800K, used 66882K [0x00000000a0000000, 0x00000000b8380000, 0x00000000e0000000)
  object space 396800K, 16% used [0x00000000a0000000,0x00000000a4150ab0,0x00000000b8380000)
 Metaspace       used 93481K, capacity 97372K, committed 98380K, reserved 1134592K
  class space    used 12168K, capacity 13022K, committed 13312K, reserved 1048576K
}
Event: 663.056 GC heap before
{Heap before GC invocations=22 (full 4):
 PSYoungGen      total 198144K, used 159744K [0x00000000e0000000, 0x00000000f0000000, 0x0000000100000000)
  eden space 159744K, 100% used [0x00000000e0000000,0x00000000e9c00000,0x00000000e9c00000)
  from space 38400K, 0% used [0x00000000e9c00000,0x00000000e9c00000,0x00000000ec180000)
  to   space 38912K, 0% used [0x00000000eda00000,0x00000000eda00000,0x00000000f0000000)
 ParOldGen       total 396800K, used 66896K [0x00000000a0000000, 0x00000000b8380000, 0x00000000e0000000)
  object space 396800K, 16% used [0x00000000a0000000,0x00000000a41541b8,0x00000000b8380000)
 Metaspace       used 94127K, capacity 98080K, committed 98892K, reserved 1134592K
  class space    used 12214K, capacity 13064K, committed 13312K, reserved 1048576K
Event: 663.062 GC heap after
Heap after GC invocations=22 (full 4):
 PSYoungGen      total 222720K, used 6260K [0x00000000e0000000, 0x00000000f0200000, 0x0000000100000000)
  eden space 183808K, 0% used [0x00000000e0000000,0x00000000e0000000,0x00000000eb380000)
  from space 38912K, 16% used [0x00000000eda00000,0x00000000ee01d2d8,0x00000000f0000000)
  to   space 39424K, 0% used [0x00000000eb380000,0x00000000eb380000,0x00000000eda00000)
 ParOldGen       total 396800K, used 66904K [0x00000000a0000000, 0x00000000b8380000, 0x00000000e0000000)
  object space 396800K, 16% used [0x00000000a0000000,0x00000000a41561b8,0x00000000b8380000)
 Metaspace       used 94127K, capacity 98080K, committed 98892K, reserved 1134592K
  class space    used 12214K, capacity 13064K, committed 13312K, reserved 1048576K
}
Event: 663.917 GC heap before
{Heap before GC invocations=23 (full 4):
 PSYoungGen      total 222720K, used 190068K [0x00000000e0000000, 0x00000000f0200000, 0x0000000100000000)
  eden space 183808K, 100% used [0x00000000e0000000,0x00000000eb380000,0x00000000eb380000)
  from space 38912K, 16% used [0x00000000eda00000,0x00000000ee01d2d8,0x00000000f0000000)
  to   space 39424K, 0% used [0x00000000eb380000,0x00000000eb380000,0x00000000eda00000)
 ParOldGen       total 396800K, used 66904K [0x00000000a0000000, 0x00000000b8380000, 0x00000000e0000000)
  object space 396800K, 16% used [0x00000000a0000000,0x00000000a41561b8,0x00000000b8380000)
 Metaspace       used 94278K, capacity 98226K, committed 99148K, reserved 1134592K
  class space    used 12221K, capacity 13065K, committed 13312K, reserved 1048576K
Event: 663.925 GC heap after
Heap after GC invocations=23 (full 4):
 PSYoungGen      total 223232K, used 7118K [0x00000000e0000000, 0x00000000f1a00000, 0x0000000100000000)
  eden space 183808K, 0% used [0x00000000e0000000,0x00000000e0000000,0x00000000eb380000)
  from space 39424K, 18% used [0x00000000eb380000,0x00000000eba738a0,0x00000000eda00000)
  to   space 38912K, 0% used [0x00000000ef400000,0x00000000ef400000,0x00000000f1a00000)
 ParOldGen       total 396800K, used 66912K [0x00000000a0000000, 0x00000000b8380000, 0x00000000e0000000)
  object space 396800K, 16% used [0x00000000a0000000,0x00000000a41581b8,0x00000000b8380000)
 Metaspace       used 94278K, capacity 98226K, committed 99148K, reserved 1134592K
  class space    used 12221K, capacity 13065K, committed 13312K, reserved 1048576K
}

